<html>
<body>
<pre>
<h1>Build Log</h1>
<h3>
--------------------Configuration: RF35OCX - Win32 Debug--------------------
</h3>
<h3>Command Lines</h3>
Creating temporary file "C:\DOCUME~1\cash\LOCALS~1\Temp\RSP11ED.tmp" with contents
[
/nologo /MDd /W3 /Gm /GX /ZI /Od /D "WIN32" /D "_DEBUG" /D "_WINDOWS" /D "_MBCS" /D "_USRDLL" /D "_WINDLL" /D "_AFXDLL" /D "_USE_SSL" /FR"Debug/" /Fp"Debug/RF35OCX.pch" /Yu"stdafx.h" /Fo"Debug/" /Fd"Debug/" /FD /GZ /c 
"E:\cash\works\쟚올훹찓폳VSS\06凱羨Web퍯井챱퇋Ц\RF35\OCX\RF35OCX\RF35OCXCtl.cpp"
]
Creating command line "cl.exe @C:\DOCUME~1\cash\LOCALS~1\Temp\RSP11ED.tmp" 
Creating temporary file "C:\DOCUME~1\cash\LOCALS~1\Temp\RSP11EE.tmp" with contents
[
wsock32.lib libeay32.lib ssleay32.lib /nologo /subsystem:windows /dll /incremental:yes /pdb:"Debug/RF35OCX.pdb" /debug /machine:I386 /def:".\RF35OCX.def" /out:"Debug/RF35OCX.ocx" /implib:"Debug/RF35OCX.lib" /pdbtype:sept 
".\Debug\comm.obj"
".\Debug\RF35OCX.obj"
".\Debug\RF35OCXCtl.obj"
".\Debug\RF35OCXPpg.obj"
".\Debug\StdAfx.obj"
".\Debug\RF35OCX.res"
".\mwrf32.lib"
]
Creating command line "link.exe @C:\DOCUME~1\cash\LOCALS~1\Temp\RSP11EE.tmp"
Creating temporary file "C:\DOCUME~1\cash\LOCALS~1\Temp\RSP11EF.bat" with contents
[
@echo off
regsvr32 /s /c ".\Debug\RF35OCX.ocx"
echo regsvr32 exec. time > ".\Debug\regsvr32.trg"
]
Creating command line "C:\DOCUME~1\cash\LOCALS~1\Temp\RSP11EF.bat"
Compiling...
RF35OCXCtl.cpp
e:\cash\works\쟚올훹찓폳vss\06凱羨web퍯井챱퇋Ц\rf35\ocx\rf35ocx\cutilconfig.h(33) : error C2059: syntax error : 'constant'
e:\cash\works\쟚올훹찓폳vss\06凱羨web퍯井챱퇋Ц\rf35\ocx\rf35ocx\cutilconfig.h(37) : error C2992: 'Selector' : invalid or missing template parameter list
        e:\cash\works\쟚올훹찓폳vss\06凱羨web퍯井챱퇋Ц\rf35\ocx\rf35ocx\cutilconfig.h(37) : see declaration of 'Selector'
E:\cash\works\쟚올훹찓폳VSS\06凱羨Web퍯井챱퇋Ц\RF35\OCX\RF35OCX\RF35OCXCtl.cpp(408) : error C2039: 'Result' : is not a member of 'CHttpConnector<class cutil::TCPSocket>'
E:\cash\works\쟚올훹찓폳VSS\06凱羨Web퍯井챱퇋Ц\RF35\OCX\RF35OCX\RF35OCXCtl.cpp(408) : error C2065: 'Result' : undeclared identifier
E:\cash\works\쟚올훹찓폳VSS\06凱羨Web퍯井챱퇋Ц\RF35\OCX\RF35OCX\RF35OCXCtl.cpp(408) : error C2146: syntax error : missing ',' before identifier 'connector'
E:\cash\works\쟚올훹찓폳VSS\06凱羨Web퍯井챱퇋Ц\RF35\OCX\RF35OCX\RF35OCXCtl.cpp(408) : error C2065: 'connector' : undeclared identifier
E:\cash\works\쟚올훹찓폳VSS\06凱羨Web퍯井챱퇋Ц\RF35\OCX\RF35OCX\RF35OCXCtl.cpp(408) : error C2143: syntax error : missing '>' before ';'
E:\cash\works\쟚올훹찓폳VSS\06凱羨Web퍯井챱퇋Ц\RF35\OCX\RF35OCX\RF35OCXCtl.cpp(427) : error C2228: left of '.PostRequest' must have class/struct/union type
E:\cash\works\쟚올훹찓폳VSS\06凱羨Web퍯井챱퇋Ц\RF35\OCX\RF35OCX\RF35OCXCtl.cpp(431) : error C2228: left of '.GetReturnCode' must have class/struct/union type
Error executing cl.exe.
<h3>Output Window</h3>
Creating command line "bscmake.exe /nologo /o"Debug/RF35OCX.bsc"  ".\Debug\StdAfx.sbr" ".\Debug\comm.sbr" ".\Debug\RF35OCX.sbr" ".\Debug\RF35OCXCtl.sbr" ".\Debug\RF35OCXPpg.sbr""
<h3>Output Window</h3>



<h3>Results</h3>
RF35OCX.ocx - 9 error(s), 0 warning(s)
</pre>
</body>
</html>
